  BitPlaneDlg.cpp
  BlurringDlg.cpp
  CV Image Processor.cpp
  CV Image ProcessorDlg.cpp
d:\visual studio\opencv\cv image processor\cv image processordlg.cpp(413): warning C4244: 'return': 'int16_t'에서 'uint8_t'(으)로 변환하면서 데이터가 손실될 수 있습니다.
d:\visual studio\opencv\cv image processor\cv image processordlg.cpp(430): warning C4101: 'imgPtr' :참조되지 않은 지역 변수입니다.
d:\visual studio\opencv\cv image processor\cv image processordlg.cpp(507): warning C4244: '=': 'float'에서 '_Tp'(으)로 변환하면서 데이터가 손실될 수 있습니다.
          with
          [
              _Tp=uint8_t
          ]
d:\visual studio\opencv\cv image processor\cv image processordlg.cpp(540): warning C4244: '=': 'unsigned int'에서 'float'(으)로 변환하면서 데이터가 손실될 수 있습니다.
d:\visual studio\opencv\cv image processor\cv image processordlg.cpp(545): warning C4244: '=': 'float'에서 'int'(으)로 변환하면서 데이터가 손실될 수 있습니다.
d:\visual studio\opencv\cv image processor\cv image processordlg.cpp(551): warning C4244: '=': 'float'에서 'int'(으)로 변환하면서 데이터가 손실될 수 있습니다.
d:\visual studio\opencv\cv image processor\cv image processordlg.cpp(867): warning C4244: '인수': 'double'에서 '_Tp'(으)로 변환하면서 데이터가 손실될 수 있습니다.
          with
          [
              _Tp=float
          ]
d:\visual studio\opencv\cv image processor\cv image processordlg.cpp(870): warning C4244: '인수': 'double'에서 'float'(으)로 변환하면서 데이터가 손실될 수 있습니다.
  ExpandReduceDlg.cpp
  RotateDlg.cpp
  ThresholdingDlg.cpp
  코드를 생성하고 있습니다...
  CV Image Processor.vcxproj -> D:\Visual Studio\openCV\CV Image Processor\x64\Debug\CV Image Processor.exe
